[2022-04-28 12:20:52][INFO][tid:-1][test_log_file.cpp(19):producer_thread_proc]id=2, gg=11,hh=10,ff=abcd
[2022-04-28 20:37:40][INFO][tid:-1][test_log_file.cpp(18):producer_thread_proc]id=1, gg=12,hh=10,ff=sdfa
[2022-04-28 20:37:40][INFO][tid:-1][test_log_file.cpp(19):producer_thread_proc]id=1, gg=11,hh=10,ff=abcd
[2022-04-28 20:37:40][INFO][tid:-1][test_log_file.cpp(19):producer_thread_proc]id=3, gg=11,hh=10,ff=abcd
[2022-04-28 20:38:07][INFO][tid:-1][test_log_file.cpp(19):producer_thread_proc]id=3, gg=11,hh=10,ff=abcd
[2022-04-28 20:38:07][INFO][tid:-1][test_log_file.cpp(18):producer_thread_proc]id=3, gg=12,hh=10,ff=sdfa
[2022-04-28 20:38:07][INFO][tid:-1][test_log_file.cpp(19):producer_thread_proc]id=3, gg=11,hh=10,ff=abcd
[2022-04-28 20:47:28][INFO][tid:-1][test_log_file.cpp(19):producer_thread_proc]id=1, gg=11,hh=10,ff=abcd
[2022-04-28 20:47:28][INFO][tid:-1][test_log_file.cpp(18):producer_thread_proc]id=3, gg=12,hh=10,ff=sdfa
[2022-04-28 20:47:28][INFO][tid:-1][test_log_file.cpp(19):producer_thread_proc]id=3, gg=11,hh=10,ff=abcd
[2022-04-28 20:52:04][WARNING][tid:-1][test_log_file.cpp(19):producer_thread_proc]id=2, gg=11,hh=10,ff=abcd
[2022-04-28 20:52:04][INFO][tid:-1][test_log_file.cpp(18):producer_thread_proc]id=3, gg=12,hh=10,ff=sdfa
[2022-04-28 20:52:04][WARNING][tid:-1][test_log_file.cpp(19):producer_thread_proc]id=3, gg=11,hh=10,ff=abcd
[2022-04-28 21:00:02][WARNING][tid:-1][test_log_file.cpp(20):producer_thread_proc]id=3, gg=11,hh=10,ff=abcd
[2022-04-28 21:00:02][INFO][tid:-1][test_log_file.cpp(19):producer_thread_proc]id=3, gg=12,hh=10,ff=sdfa
[2022-04-28 21:00:02][WARNING][tid:-1][test_log_file.cpp(20):producer_thread_proc]id=3, gg=11,hh=10,ff=abcd
[2022-04-28 21:00:33][WARNING][tid:-1][test_log_file.cpp(20):producer_thread_proc]id=5, gg=11,hh=10,ff=abcd
[2022-04-28 21:00:33][INFO][tid:-1][test_log_file.cpp(19):producer_thread_proc]id=6, gg=12,hh=10,ff=sdfa
[2022-04-28 21:00:33][WARNING][tid:-1][test_log_file.cpp(20):producer_thread_proc]id=6, gg=11,hh=10,ff=abcd
[2022-04-28 21:02:11][WARNING][tid:-1][test_log_file.cpp(20):producer_thread_proc]id=5, gg=11,hh=10,ff=abcd
[2022-04-28 21:02:11][INFO][tid:-1][test_log_file.cpp(19):producer_thread_proc]id=6, gg=12,hh=10,ff=sdfa
[2022-04-28 21:02:11][WARNING][tid:-1][test_log_file.cpp(20):producer_thread_proc]id=6, gg=11,hh=10,ff=abcd
[2022-04-28 21:02:22][WARNING][tid:-1][test_log_file.cpp(20):producer_thread_proc]id=5, gg=11,hh=10,ff=abcd
[2022-04-28 21:02:22][INFO][tid:-1][test_log_file.cpp(19):producer_thread_proc]id=6, gg=12,hh=10,ff=sdfa
[2022-04-28 21:02:22][WARNING][tid:-1][test_log_file.cpp(20):producer_thread_proc]id=6, gg=11,hh=10,ff=abcd
[2022-04-28 21:03:47][WARNING][tid:-1][test_log_file.cpp(20):producer_thread_proc]id=5, gg=11,hh=10,ff=abcd
[2022-04-28 21:03:47][INFO][tid:-1][test_log_file.cpp(19):producer_thread_proc]id=6, gg=12,hh=10,ff=sdfa
[2022-04-28 21:03:47][WARNING][tid:-1][test_log_file.cpp(20):producer_thread_proc]id=6, gg=11,hh=10,ff=abcd
[2022-04-28 21:04:20][INFO][tid:-1][test_log_file.cpp(19):producer_thread_proc]id=3, gg=12,hh=10,ff=sdfa
[2022-04-28 21:04:20][WARNING][tid:-1][test_log_file.cpp(20):producer_thread_proc]id=3, gg=11,hh=10,ff=abcd
[2022-04-28 21:04:20][WARNING][tid:-1][test_log_file.cpp(20):producer_thread_proc]id=3, gg=11,hh=10,ff=abcd
[2022-04-28 21:12:01][INFO][tid:-1][test_log_file.cpp(19):producer_thread_proc]id=3, gg=12,hh=10,ff=sdfa
[2022-04-28 21:12:01][WARNING][tid:-1][test_log_file.cpp(20):producer_thread_proc]id=3, gg=11,hh=10,ff=abcd
[2022-04-28 21:12:01][WARNING][tid:-1][test_log_file.cpp(20):producer_thread_proc]id=3, gg=11,hh=10,ff=abcd
[2022-04-28 21:15:50][INFO][tid:-1][test_log_file.cpp(19):producer_thread_proc]id=3, gg=12,hh=10,ff=sdfa
[2022-04-28 21:15:50][WARNING][tid:-1][test_log_file.cpp(20):producer_thread_proc]id=3, gg=11,hh=10,ff=abcd
[2022-04-28 21:15:50][WARNING][tid:-1][test_log_file.cpp(20):producer_thread_proc]id=3, gg=11,hh=10,ff=abcd
[2022-04-28 21:27:01][INFO][tid:-1][test_log_file.cpp(19):producer_thread_proc]id=3, gg=12,hh=10,ff=sdfa
[2022-04-28 21:27:01][WARNING][tid:-1][test_log_file.cpp(20):producer_thread_proc]id=3, gg=11,hh=10,ff=abcd
[2022-04-28 21:27:01][WARNING][tid:-1][test_log_file.cpp(20):producer_thread_proc]id=3, gg=11,hh=10,ff=abcd
[2022-04-28 21:32:07][INFO][tid:0x70000c483000][test_log_file.cpp(19):producer_thread_proc]id=3, gg=12,hh=10,ff=sdfa
[2022-04-28 21:32:07][WARNING][tid:0x70000c483000][test_log_file.cpp(20):producer_thread_proc]id=3, gg=11,hh=10,ff=abcd
[2022-04-28 21:32:07][WARNING][tid:0x70000c483000][test_log_file.cpp(20):producer_thread_proc]id=3, gg=11,hh=10,ff=abcd
[2022-04-28 21:33:13][WARNING][tid:0x700009b12000][test_log_file.cpp(20):producer_thread_proc]id=5, gg=11,hh=10,ff=abcd
[2022-04-28 21:33:13][INFO][tid:0x700009b12000][test_log_file.cpp(19):producer_thread_proc]id=6, gg=12,hh=10,ff=sdfa
[2022-04-28 21:33:13][WARNING][tid:0x700009b12000][test_log_file.cpp(20):producer_thread_proc]id=6, gg=11,hh=10,ff=abcd
[2022-04-28 21:33:31][WARNING][tid:0x70000987c000][test_log_file.cpp(20):producer_thread_proc]id=5, gg=11,hh=10,ff=abcd
[2022-04-28 21:33:31][INFO][tid:0x70000987c000][test_log_file.cpp(19):producer_thread_proc]id=6, gg=12,hh=10,ff=sdfa
[2022-04-28 21:33:31][WARNING][tid:0x70000987c000][test_log_file.cpp(20):producer_thread_proc]id=6, gg=11,hh=10,ff=abcd
[2022-04-28 21:34:26][WARNING][tid:0x70000be23000][test_log_file.cpp(20):producer_thread_proc]id=5, gg=11,hh=10,ff=abcd
[2022-04-28 21:34:26][INFO][tid:0x70000be23000][test_log_file.cpp(19):producer_thread_proc]id=6, gg=12,hh=10,ff=sdfa
[2022-04-28 21:34:26][WARNING][tid:0x70000be23000][test_log_file.cpp(20):producer_thread_proc]id=6, gg=11,hh=10,ff=abcd
[2022-04-28 21:35:27][WARNING][tid:0x700008cd6000][test_log_file.cpp(20):producer_thread_proc]id=5, gg=11,hh=10,ff=abcd
[2022-04-28 21:35:27][INFO][tid:0x700008cd6000][test_log_file.cpp(19):producer_thread_proc]id=6, gg=12,hh=10,ff=sdfa
[2022-04-28 21:35:27][WARNING][tid:0x700008cd6000][test_log_file.cpp(20):producer_thread_proc]id=6, gg=11,hh=10,ff=abcd
